0 info it worked if it ends with ok
1 verbose cli [ '/usr/bin/node',
1 verbose cli   '/usr/bin/npm',
1 verbose cli   'install',
1 verbose cli   'npm',
1 verbose cli   '@latest',
1 verbose cli   '-g' ]
2 info using npm@3.5.2
3 info using node@v8.10.0
4 silly loadCurrentTree Starting
5 silly install loadCurrentTree
6 silly install readGlobalPackageData
7 silly fetchPackageMetaData npm
8 silly fetchPackageMetaData @latest
9 silly fetchNamedPackageData npm
10 silly mapToRegistry name npm
11 silly mapToRegistry using default registry
12 silly mapToRegistry registry https://registry.npmjs.org/
13 silly mapToRegistry uri https://registry.npmjs.org/npm
14 silly fetchOtherPackageData @latest
15 silly cache add args [ '@latest', null ]
16 verbose cache add spec @latest
17 silly cache add parsed spec Result {
17 silly cache add   raw: '@latest',
17 silly cache add   scope: null,
17 silly cache add   name: null,
17 silly cache add   rawSpec: '@latest',
17 silly cache add   spec: '/home/oloo/Documents/Work/portfolio_project/@latest',
17 silly cache add   type: 'local' }
18 error addLocal Could not install /home/oloo/Documents/Work/portfolio_project/@latest
19 silly fetchPackageMetaData Error: ENOENT: no such file or directory, open '/home/oloo/Documents/Work/portfolio_project/@latest'
19 silly fetchPackageMetaData  error for @latest { Error: ENOENT: no such file or directory, open '/home/oloo/Documents/Work/portfolio_project/@latest'
19 silly fetchPackageMetaData   errno: -2,
19 silly fetchPackageMetaData   code: 'ENOENT',
19 silly fetchPackageMetaData   syscall: 'open',
19 silly fetchPackageMetaData   path: '/home/oloo/Documents/Work/portfolio_project/@latest' }
20 verbose request uri https://registry.npmjs.org/npm
21 verbose request no auth needed
22 info attempt registry request try #1 at 9:07:50 PM
23 verbose request id 834c6b8b9edd7c8d
24 http request GET https://registry.npmjs.org/npm
25 http 200 https://registry.npmjs.org/npm
26 verbose headers { date: 'Sat, 04 Jul 2020 18:07:54 GMT',
26 verbose headers   'content-type': 'application/json',
26 verbose headers   'transfer-encoding': 'chunked',
26 verbose headers   connection: 'keep-alive',
26 verbose headers   'set-cookie':
26 verbose headers    [ '__cfduid=df8923f22272971006d681c9beb15f5ad1593886072; expires=Mon, 03-Aug-20 18:07:52 GMT; path=/; domain=.npmjs.org; HttpOnly; SameSite=Lax' ],
26 verbose headers   'cf-ray': '5adac9d30ee7cb87-MBA',
26 verbose headers   'cache-control': 'public, max-age=300',
26 verbose headers   etag: 'W/"b80e5a413d51349898196445ab1bcabb"',
26 verbose headers   'last-modified': 'Mon, 04 May 2020 16:52:55 GMT',
26 verbose headers   vary: 'accept-encoding, accept',
26 verbose headers   'cf-cache-status': 'EXPIRED',
26 verbose headers   'cf-request-id': '03bc9c77e70000cb8767067200000001',
26 verbose headers   'expect-ct': 'max-age=604800, report-uri="https://report-uri.cloudflare.com/cdn-cgi/beacon/expect-ct"',
26 verbose headers   server: 'cloudflare',
26 verbose headers   'content-encoding': 'gzip' }
27 silly get cb [ 200,
27 silly get   { date: 'Sat, 04 Jul 2020 18:07:54 GMT',
27 silly get     'content-type': 'application/json',
27 silly get     'transfer-encoding': 'chunked',
27 silly get     connection: 'keep-alive',
27 silly get     'set-cookie':
27 silly get      [ '__cfduid=df8923f22272971006d681c9beb15f5ad1593886072; expires=Mon, 03-Aug-20 18:07:52 GMT; path=/; domain=.npmjs.org; HttpOnly; SameSite=Lax' ],
27 silly get     'cf-ray': '5adac9d30ee7cb87-MBA',
27 silly get     'cache-control': 'public, max-age=300',
27 silly get     etag: 'W/"b80e5a413d51349898196445ab1bcabb"',
27 silly get     'last-modified': 'Mon, 04 May 2020 16:52:55 GMT',
27 silly get     vary: 'accept-encoding, accept',
27 silly get     'cf-cache-status': 'EXPIRED',
27 silly get     'cf-request-id': '03bc9c77e70000cb8767067200000001',
27 silly get     'expect-ct': 'max-age=604800, report-uri="https://report-uri.cloudflare.com/cdn-cgi/beacon/expect-ct"',
27 silly get     server: 'cloudflare',
27 silly get     'content-encoding': 'gzip' } ]
28 verbose get saving npm to /home/oloo/.npm/registry.npmjs.org/npm/.cache.json
29 silly rollbackFailedOptional Starting
30 silly rollbackFailedOptional Finishing
31 silly runTopLevelLifecycles Starting
32 silly runTopLevelLifecycles Finishing
33 silly install printInstalled
34 verbose stack Error: ENOENT: no such file or directory, open '/home/oloo/Documents/Work/portfolio_project/@latest'
35 verbose cwd /home/oloo/Documents/Work/portfolio_project
36 error Linux 5.3.0-62-generic
37 error argv "/usr/bin/node" "/usr/bin/npm" "install" "npm" "@latest" "-g"
38 error node v8.10.0
39 error npm  v3.5.2
40 error path /home/oloo/Documents/Work/portfolio_project/@latest
41 error code ENOENT
42 error errno -2
43 error syscall open
44 error enoent ENOENT: no such file or directory, open '/home/oloo/Documents/Work/portfolio_project/@latest'
45 error enoent ENOENT: no such file or directory, open '/home/oloo/Documents/Work/portfolio_project/@latest'
45 error enoent This is most likely not a problem with npm itself
45 error enoent and is related to npm not being able to find a file.
46 verbose exit [ -2, true ]
